λ create-react-app todo-ista

Creating a new React app in c:\Users\conor\conorsomahony.github.io\sites\mdv2_assessment_1\todo-ista.

Installing packages. This might take a couple of minutes.
Installing react, react-dom, and react-scripts...


> uglifyjs-webpack-plugin@0.4.6 postinstall c:\Users\conor\conorsomahony.github.io\sites\mdv2_assessment_1\todo-ista\node_modules\uglifyjs-webpack-plugin
> node lib/post_install.js

+ react-dom@16.3.2
+ react@16.3.2
+ react-scripts@1.1.4
added 1320 packages from 791 contributors in 122.345s

Success! Created todo-ista at c:\Users\conor\conorsomahony.github.io\sites\mdv2_assessment_1\todo-ista
Inside that directory, you can run several commands:

  npm start
    Starts the development server.

  npm run build
    Bundles the app into static files for production.

  npm test
    Starts the test runner.

  npm run eject
    Removes this tool and copies build dependencies, configuration files
    and scripts into the app directory. If you do this, you can’t go back!

We suggest that you begin by typing:

  cd todo-ista
  npm start

Happy hacking!